Generated at 2024-01-22 12:39:04 +0100
Errno::EROFS: file[test_eample.txt] (create_example_file::default line 1) had an error: Errno::EROFS: Read-only file system @ rb_sysopen - test_eample.txt
/opt/chef-workstation/embedded/lib/ruby/3.1.0/fileutils.rb:1135:in `initialize'
/opt/chef-workstation/embedded/lib/ruby/3.1.0/fileutils.rb:1135:in `open'
/opt/chef-workstation/embedded/lib/ruby/3.1.0/fileutils.rb:1135:in `rescue in block in touch'
/opt/chef-workstation/embedded/lib/ruby/3.1.0/fileutils.rb:1131:in `block in touch'
/opt/chef-workstation/embedded/lib/ruby/3.1.0/fileutils.rb:1129:in `each'
/opt/chef-workstation/embedded/lib/ruby/3.1.0/fileutils.rb:1129:in `touch'
/opt/chef-workstation/embedded/lib/ruby/gems/3.1.0/gems/chef-18.3.0/lib/chef/file_content_management/deploy/mv_unix.rb:34:in `create'
/opt/chef-workstation/embedded/lib/ruby/gems/3.1.0/gems/chef-18.3.0/lib/chef/provider/file.rb:370:in `block in do_create_file'
/opt/chef-workstation/embedded/lib/ruby/gems/3.1.0/gems/chef-18.3.0/lib/chef/mixin/why_run.rb:51:in `add_action'
/opt/chef-workstation/embedded/lib/ruby/gems/3.1.0/gems/chef-18.3.0/lib/chef/provider.rb:293:in `converge_by'
/opt/chef-workstation/embedded/lib/ruby/gems/3.1.0/gems/chef-18.3.0/lib/chef/provider/file.rb:369:in `do_create_file'
/opt/chef-workstation/embedded/lib/ruby/gems/3.1.0/gems/chef-18.3.0/lib/chef/provider/file.rb:146:in `block in <class:File>'
(eval):2:in `block in action_create'
/opt/chef-workstation/embedded/lib/ruby/gems/3.1.0/gems/chef-18.3.0/lib/chef/provider.rb:304:in `instance_eval'
/opt/chef-workstation/embedded/lib/ruby/gems/3.1.0/gems/chef-18.3.0/lib/chef/provider.rb:304:in `compile_and_converge_action'
(eval):2:in `action_create'
/opt/chef-workstation/embedded/lib/ruby/gems/3.1.0/gems/chef-18.3.0/lib/chef/provider.rb:245:in `run_action'
/opt/chef-workstation/embedded/lib/ruby/gems/3.1.0/gems/chef-18.3.0/lib/chef/resource.rb:601:in `block in run_action'
/opt/chef-workstation/embedded/lib/ruby/gems/3.1.0/gems/chef-18.3.0/lib/chef/resource.rb:628:in `with_umask'
/opt/chef-workstation/embedded/lib/ruby/gems/3.1.0/gems/chef-18.3.0/lib/chef/resource.rb:600:in `run_action'
/opt/chef-workstation/embedded/lib/ruby/gems/3.1.0/gems/chef-18.3.0/lib/chef/runner.rb:74:in `run_action'
/opt/chef-workstation/embedded/lib/ruby/gems/3.1.0/gems/chef-18.3.0/lib/chef/runner.rb:108:in `block in run_all_actions'
/opt/chef-workstation/embedded/lib/ruby/gems/3.1.0/gems/chef-18.3.0/lib/chef/runner.rb:108:in `each'
/opt/chef-workstation/embedded/lib/ruby/gems/3.1.0/gems/chef-18.3.0/lib/chef/runner.rb:108:in `run_all_actions'
/opt/chef-workstation/embedded/lib/ruby/gems/3.1.0/gems/chef-18.3.0/lib/chef/runner.rb:132:in `block in converge'
/opt/chef-workstation/embedded/lib/ruby/gems/3.1.0/gems/chef-18.3.0/lib/chef/resource_collection/resource_list.rb:96:in `block in execute_each_resource'
/opt/chef-workstation/embedded/lib/ruby/gems/3.1.0/gems/chef-18.3.0/lib/chef/resource_collection/stepable_iterator.rb:114:in `call_iterator_block'
/opt/chef-workstation/embedded/lib/ruby/gems/3.1.0/gems/chef-18.3.0/lib/chef/resource_collection/stepable_iterator.rb:85:in `step'
/opt/chef-workstation/embedded/lib/ruby/gems/3.1.0/gems/chef-18.3.0/lib/chef/resource_collection/stepable_iterator.rb:103:in `iterate'
/opt/chef-workstation/embedded/lib/ruby/gems/3.1.0/gems/chef-18.3.0/lib/chef/resource_collection/stepable_iterator.rb:54:in `each_with_index'
/opt/chef-workstation/embedded/lib/ruby/gems/3.1.0/gems/chef-18.3.0/lib/chef/resource_collection/resource_list.rb:94:in `execute_each_resource'
/opt/chef-workstation/embedded/lib/ruby/3.1.0/forwardable.rb:238:in `execute_each_resource'
/opt/chef-workstation/embedded/lib/ruby/gems/3.1.0/gems/chef-18.3.0/lib/chef/runner.rb:130:in `converge'
/opt/chef-workstation/embedded/lib/ruby/gems/3.1.0/gems/chef-18.3.0/lib/chef/client.rb:869:in `block in converge'
/opt/chef-workstation/embedded/lib/ruby/gems/3.1.0/gems/chef-18.3.0/lib/chef/client.rb:864:in `catch'
/opt/chef-workstation/embedded/lib/ruby/gems/3.1.0/gems/chef-18.3.0/lib/chef/client.rb:864:in `converge'
/opt/chef-workstation/embedded/lib/ruby/gems/3.1.0/gems/chef-18.3.0/lib/chef/client.rb:888:in `converge_and_save'
/opt/chef-workstation/embedded/lib/ruby/gems/3.1.0/gems/chef-18.3.0/lib/chef/client.rb:298:in `run'
/opt/chef-workstation/embedded/lib/ruby/gems/3.1.0/gems/chef-18.3.0/lib/chef/application.rb:305:in `run_with_graceful_exit_option'
/opt/chef-workstation/embedded/lib/ruby/gems/3.1.0/gems/chef-18.3.0/lib/chef/application.rb:281:in `block in run_chef_client'
/opt/chef-workstation/embedded/lib/ruby/gems/3.1.0/gems/chef-18.3.0/lib/chef/local_mode.rb:42:in `with_server_connectivity'
/opt/chef-workstation/embedded/lib/ruby/gems/3.1.0/gems/chef-18.3.0/lib/chef/application.rb:264:in `run_chef_client'
/opt/chef-workstation/embedded/lib/ruby/gems/3.1.0/gems/chef-18.3.0/lib/chef/application/base.rb:354:in `run_application'
/opt/chef-workstation/embedded/lib/ruby/gems/3.1.0/gems/chef-18.3.0/lib/chef/application.rb:67:in `run'
/opt/chef-workstation/embedded/lib/ruby/gems/3.1.0/gems/chef-bin-18.3.0/bin/chef-client:25:in `<top (required)>'
/usr/local/bin/chef-client:431:in `load'
/usr/local/bin/chef-client:431:in `<main>'

>>>> Caused by Errno::ENOENT: No such file or directory @ apply2files - test_eample.txt
/opt/chef-workstation/embedded/lib/ruby/3.1.0/fileutils.rb:1132:in `utime'
/opt/chef-workstation/embedded/lib/ruby/3.1.0/fileutils.rb:1132:in `block in touch'
/opt/chef-workstation/embedded/lib/ruby/3.1.0/fileutils.rb:1129:in `each'
/opt/chef-workstation/embedded/lib/ruby/3.1.0/fileutils.rb:1129:in `touch'
/opt/chef-workstation/embedded/lib/ruby/gems/3.1.0/gems/chef-18.3.0/lib/chef/file_content_management/deploy/mv_unix.rb:34:in `create'
/opt/chef-workstation/embedded/lib/ruby/gems/3.1.0/gems/chef-18.3.0/lib/chef/provider/file.rb:370:in `block in do_create_file'
/opt/chef-workstation/embedded/lib/ruby/gems/3.1.0/gems/chef-18.3.0/lib/chef/mixin/why_run.rb:51:in `add_action'
/opt/chef-workstation/embedded/lib/ruby/gems/3.1.0/gems/chef-18.3.0/lib/chef/provider.rb:293:in `converge_by'
/opt/chef-workstation/embedded/lib/ruby/gems/3.1.0/gems/chef-18.3.0/lib/chef/provider/file.rb:369:in `do_create_file'
/opt/chef-workstation/embedded/lib/ruby/gems/3.1.0/gems/chef-18.3.0/lib/chef/provider/file.rb:146:in `block in <class:File>'
(eval):2:in `block in action_create'
/opt/chef-workstation/embedded/lib/ruby/gems/3.1.0/gems/chef-18.3.0/lib/chef/provider.rb:304:in `instance_eval'
/opt/chef-workstation/embedded/lib/ruby/gems/3.1.0/gems/chef-18.3.0/lib/chef/provider.rb:304:in `compile_and_converge_action'
(eval):2:in `action_create'
/opt/chef-workstation/embedded/lib/ruby/gems/3.1.0/gems/chef-18.3.0/lib/chef/provider.rb:245:in `run_action'
/opt/chef-workstation/embedded/lib/ruby/gems/3.1.0/gems/chef-18.3.0/lib/chef/resource.rb:601:in `block in run_action'
/opt/chef-workstation/embedded/lib/ruby/gems/3.1.0/gems/chef-18.3.0/lib/chef/resource.rb:628:in `with_umask'
/opt/chef-workstation/embedded/lib/ruby/gems/3.1.0/gems/chef-18.3.0/lib/chef/resource.rb:600:in `run_action'
/opt/chef-workstation/embedded/lib/ruby/gems/3.1.0/gems/chef-18.3.0/lib/chef/runner.rb:74:in `run_action'
/opt/chef-workstation/embedded/lib/ruby/gems/3.1.0/gems/chef-18.3.0/lib/chef/runner.rb:108:in `block in run_all_actions'
/opt/chef-workstation/embedded/lib/ruby/gems/3.1.0/gems/chef-18.3.0/lib/chef/runner.rb:108:in `each'
/opt/chef-workstation/embedded/lib/ruby/gems/3.1.0/gems/chef-18.3.0/lib/chef/runner.rb:108:in `run_all_actions'
/opt/chef-workstation/embedded/lib/ruby/gems/3.1.0/gems/chef-18.3.0/lib/chef/runner.rb:132:in `block in converge'
/opt/chef-workstation/embedded/lib/ruby/gems/3.1.0/gems/chef-18.3.0/lib/chef/resource_collection/resource_list.rb:96:in `block in execute_each_resource'
/opt/chef-workstation/embedded/lib/ruby/gems/3.1.0/gems/chef-18.3.0/lib/chef/resource_collection/stepable_iterator.rb:114:in `call_iterator_block'
/opt/chef-workstation/embedded/lib/ruby/gems/3.1.0/gems/chef-18.3.0/lib/chef/resource_collection/stepable_iterator.rb:85:in `step'
/opt/chef-workstation/embedded/lib/ruby/gems/3.1.0/gems/chef-18.3.0/lib/chef/resource_collection/stepable_iterator.rb:103:in `iterate'
/opt/chef-workstation/embedded/lib/ruby/gems/3.1.0/gems/chef-18.3.0/lib/chef/resource_collection/stepable_iterator.rb:54:in `each_with_index'
/opt/chef-workstation/embedded/lib/ruby/gems/3.1.0/gems/chef-18.3.0/lib/chef/resource_collection/resource_list.rb:94:in `execute_each_resource'
/opt/chef-workstation/embedded/lib/ruby/3.1.0/forwardable.rb:238:in `execute_each_resource'
/opt/chef-workstation/embedded/lib/ruby/gems/3.1.0/gems/chef-18.3.0/lib/chef/runner.rb:130:in `converge'
/opt/chef-workstation/embedded/lib/ruby/gems/3.1.0/gems/chef-18.3.0/lib/chef/client.rb:869:in `block in converge'
/opt/chef-workstation/embedded/lib/ruby/gems/3.1.0/gems/chef-18.3.0/lib/chef/client.rb:864:in `catch'
/opt/chef-workstation/embedded/lib/ruby/gems/3.1.0/gems/chef-18.3.0/lib/chef/client.rb:864:in `converge'
/opt/chef-workstation/embedded/lib/ruby/gems/3.1.0/gems/chef-18.3.0/lib/chef/client.rb:888:in `converge_and_save'
/opt/chef-workstation/embedded/lib/ruby/gems/3.1.0/gems/chef-18.3.0/lib/chef/client.rb:298:in `run'
/opt/chef-workstation/embedded/lib/ruby/gems/3.1.0/gems/chef-18.3.0/lib/chef/application.rb:305:in `run_with_graceful_exit_option'
/opt/chef-workstation/embedded/lib/ruby/gems/3.1.0/gems/chef-18.3.0/lib/chef/application.rb:281:in `block in run_chef_client'
/opt/chef-workstation/embedded/lib/ruby/gems/3.1.0/gems/chef-18.3.0/lib/chef/local_mode.rb:42:in `with_server_connectivity'
/opt/chef-workstation/embedded/lib/ruby/gems/3.1.0/gems/chef-18.3.0/lib/chef/application.rb:264:in `run_chef_client'
/opt/chef-workstation/embedded/lib/ruby/gems/3.1.0/gems/chef-18.3.0/lib/chef/application/base.rb:354:in `run_application'
/opt/chef-workstation/embedded/lib/ruby/gems/3.1.0/gems/chef-18.3.0/lib/chef/application.rb:67:in `run'
/opt/chef-workstation/embedded/lib/ruby/gems/3.1.0/gems/chef-bin-18.3.0/bin/chef-client:25:in `<top (required)>'
/usr/local/bin/chef-client:431:in `load'
/usr/local/bin/chef-client:431:in `<main>'